Determining if the pthread_create exist failed with the following output:
Change Dir: /home/bob/otus_cpp/01_helloworld/build/CMakeFiles/CMakeTmp

Run Build Command:"/usr/bin/make" "cmTC_1f9ea/fast"
/usr/bin/make -f CMakeFiles/cmTC_1f9ea.dir/build.make CMakeFiles/cmTC_1f9ea.dir/build
make[1]: вход в каталог «/home/bob/otus_cpp/01_helloworld/build/CMakeFiles/CMakeTmp»
Building C object CMakeFiles/cmTC_1f9ea.dir/CheckSymbolExists.c.o
/usr/bin/cc    -o CMakeFiles/cmTC_1f9ea.dir/CheckSymbolExists.c.o   -c /home/bob/otus_cpp/01_helloworld/build/CMakeFiles/CMakeTmp/CheckSymbolExists.c
Linking C executable cmTC_1f9ea
/usr/bin/cmake -E cmake_link_script CMakeFiles/cmTC_1f9ea.dir/link.txt --verbose=1
/usr/bin/cc      -rdynamic CMakeFiles/cmTC_1f9ea.dir/CheckSymbolExists.c.o  -o cmTC_1f9ea 
CMakeFiles/cmTC_1f9ea.dir/CheckSymbolExists.c.o: In function `main':
CheckSymbolExists.c:(.text+0x1b): undefined reference to `pthread_create'
collect2: error: ld returned 1 exit status
CMakeFiles/cmTC_1f9ea.dir/build.make:97: recipe for target 'cmTC_1f9ea' failed
make[1]: *** [cmTC_1f9ea] Error 1
make[1]: выход из каталога «/home/bob/otus_cpp/01_helloworld/build/CMakeFiles/CMakeTmp»
Makefile:126: recipe for target 'cmTC_1f9ea/fast' failed
make: *** [cmTC_1f9ea/fast] Error 2

File /home/bob/otus_cpp/01_helloworld/build/CMakeFiles/CMakeTmp/CheckSymbolExists.c:
/* */
#include <pthread.h>

int main(int argc, char** argv)
{
  (void)argv;
#ifndef pthread_create
  return ((int*)(&pthread_create))[argc];
#else
  (void)argc;
  return 0;
#endif
}

Determining if the function pthread_create exists in the pthreads failed with the following output:
Change Dir: /home/bob/otus_cpp/01_helloworld/build/CMakeFiles/CMakeTmp

Run Build Command:"/usr/bin/make" "cmTC_60aef/fast"
/usr/bin/make -f CMakeFiles/cmTC_60aef.dir/build.make CMakeFiles/cmTC_60aef.dir/build
make[1]: вход в каталог «/home/bob/otus_cpp/01_helloworld/build/CMakeFiles/CMakeTmp»
Building C object CMakeFiles/cmTC_60aef.dir/CheckFunctionExists.c.o
/usr/bin/cc   -DCHECK_FUNCTION_EXISTS=pthread_create   -o CMakeFiles/cmTC_60aef.dir/CheckFunctionExists.c.o   -c /usr/share/cmake-3.10/Modules/CheckFunctionExists.c
Linking C executable cmTC_60aef
/usr/bin/cmake -E cmake_link_script CMakeFiles/cmTC_60aef.dir/link.txt --verbose=1
/usr/bin/cc  -DCHECK_FUNCTION_EXISTS=pthread_create    -rdynamic CMakeFiles/cmTC_60aef.dir/CheckFunctionExists.c.o  -o cmTC_60aef -lpthreads 
/usr/bin/ld: cannot find -lpthreads
collect2: error: ld returned 1 exit status
CMakeFiles/cmTC_60aef.dir/build.make:97: recipe for target 'cmTC_60aef' failed
make[1]: *** [cmTC_60aef] Error 1
make[1]: выход из каталога «/home/bob/otus_cpp/01_helloworld/build/CMakeFiles/CMakeTmp»
Makefile:126: recipe for target 'cmTC_60aef/fast' failed
make: *** [cmTC_60aef/fast] Error 2


